android_app/app/build_safe_v1/intermediates/manifest_merge_blame_file/debug/processDebugMainManifest/manifest-merger-blame-debug-report.txt
1<?xml version="1.0" encoding="utf-8"?>
2<manifest xmlns:android="http://schemas.android.com/apk/res/android"
3    package="com.example.machinedignostic"
4    android:versionCode="1"
5    android:versionName="1.0" >
6
7    <uses-sdk
8        android:minSdkVersion="24"
9        android:targetSdkVersion="36" />
10
11    <uses-permission android:name="android.permission.RECORD_AUDIO" />
11-->src\main\AndroidManifest.xml:5:5-71
11-->src\main\AndroidManifest.xml:5:22-68
12    <uses-permission android:name="android.permission.INTERNET" /> <!-- Added INTERNET permission -->
12-->src\main\AndroidManifest.xml:6:5-67
12-->src\main\AndroidManifest.xml:6:22-64
13    <uses-permission android:name="android.permission.REQUEST_INSTALL_PACKAGES" /> <!-- For In-App Updates -->
13-->src\main\AndroidManifest.xml:7:5-83
13-->src\main\AndroidManifest.xml:7:22-80
14    <uses-permission android:name="android.permission.READ_EXTERNAL_STORAGE" />
14-->src\main\AndroidManifest.xml:8:5-80
14-->src\main\AndroidManifest.xml:8:22-77
15    <uses-permission android:name="android.permission.WRITE_EXTERNAL_STORAGE" />
15-->src\main\AndroidManifest.xml:9:5-81
15-->src\main\AndroidManifest.xml:9:22-78
16    <uses-permission android:name="android.permission.READ_MEDIA_AUDIO" />
16-->src\main\AndroidManifest.xml:10:5-75
16-->src\main\AndroidManifest.xml:10:22-72
17
18    <permission
18-->[androidx.core:core:1.17.0] AndroidManifest.xml:22:5-24:47
19        android:name="com.example.machinedignostic.DYNAMIC_RECEIVER_NOT_EXPORTED_PERMISSION"
19-->[androidx.core:core:1.17.0] AndroidManifest.xml:23:9-81
20        android:protectionLevel="signature" />
20-->[androidx.core:core:1.17.0] AndroidManifest.xml:24:9-44
21
22    <uses-permission android:name="com.example.machinedignostic.DYNAMIC_RECEIVER_NOT_EXPORTED_PERMISSION" />
22-->[androidx.core:core:1.17.0] AndroidManifest.xml:26:5-97
22-->[androidx.core:core:1.17.0] AndroidManifest.xml:26:22-94
23    <uses-permission android:name="android.permission.READ_PHONE_STATE" />
24
25    <application
25-->src\main\AndroidManifest.xml:12:5-43:19
26        android:allowBackup="true"
26-->src\main\AndroidManifest.xml:13:9-35
27        android:appComponentFactory="androidx.core.app.CoreComponentFactory"
27-->[androidx.core:core:1.17.0] AndroidManifest.xml:28:18-86
28        android:dataExtractionRules="@xml/data_extraction_rules"
28-->src\main\AndroidManifest.xml:14:9-65
29        android:debuggable="true"
30        android:extractNativeLibs="false"
31        android:fullBackupContent="@xml/backup_rules"
31-->src\main\AndroidManifest.xml:15:9-54
32        android:icon="@drawable/app_logo"
32-->src\main\AndroidManifest.xml:16:9-42
33        android:label="@string/app_name"
33-->src\main\AndroidManifest.xml:17:9-41
34        android:roundIcon="@drawable/app_logo"
34-->src\main\AndroidManifest.xml:18:9-47
35        android:supportsRtl="true"
35-->src\main\AndroidManifest.xml:19:9-35
36        android:theme="@style/Theme.Machinedignostic"
36-->src\main\AndroidManifest.xml:21:9-54
37        android:usesCleartextTraffic="true" >
37-->src\main\AndroidManifest.xml:20:9-44
38        <provider
39            android:name="androidx.core.content.FileProvider"
39-->src\main\AndroidManifest.xml:24:13-62
40            android:authorities="com.example.machinedignostic.provider"
40-->src\main\AndroidManifest.xml:25:13-60
41            android:exported="false"
41-->src\main\AndroidManifest.xml:26:13-37
42            android:grantUriPermissions="true" >
42-->src\main\AndroidManifest.xml:27:13-47
43            <meta-data
43-->src\main\AndroidManifest.xml:28:13-30:58
44                android:name="android.support.FILE_PROVIDER_PATHS"
44-->src\main\AndroidManifest.xml:29:17-67
45                android:resource="@xml/provider_paths" />
45-->src\main\AndroidManifest.xml:30:17-55
46        </provider>
47
48        <activity
48-->src\main\AndroidManifest.xml:33:9-42:20
49            android:name="com.example.machinedignostic.MainActivity"
49-->src\main\AndroidManifest.xml:34:13-41
50            android:exported="true"
50-->src\main\AndroidManifest.xml:35:13-36
51            android:label="@string/app_name"
51-->src\main\AndroidManifest.xml:36:13-45
52            android:theme="@style/Theme.Machinedignostic" >
52-->src\main\AndroidManifest.xml:37:13-58
53            <intent-filter>
53-->src\main\AndroidManifest.xml:38:13-41:29
54                <action android:name="android.intent.action.MAIN" />
54-->src\main\AndroidManifest.xml:39:17-69
54-->src\main\AndroidManifest.xml:39:25-66
55
56                <category android:name="android.intent.category.LAUNCHER" />
56-->src\main\AndroidManifest.xml:40:17-77
56-->src\main\AndroidManifest.xml:40:27-74
57            </intent-filter>
58        </activity>
59        <activity
59-->[androidx.compose.ui:ui-tooling-android:1.9.2] AndroidManifest.xml:23:9-25:39
60            android:name="androidx.compose.ui.tooling.PreviewActivity"
60-->[androidx.compose.ui:ui-tooling-android:1.9.2] AndroidManifest.xml:24:13-71
61            android:exported="true" />
61-->[androidx.compose.ui:ui-tooling-android:1.9.2] AndroidManifest.xml:25:13-36
62        <activity
62-->[androidx.compose.ui:ui-test-manifest:1.9.2] AndroidManifest.xml:23:9-26:79
63            android:name="androidx.activity.ComponentActivity"
63-->[androidx.compose.ui:ui-test-manifest:1.9.2] AndroidManifest.xml:24:13-63
64            android:exported="true"
64-->[androidx.compose.ui:ui-test-manifest:1.9.2] AndroidManifest.xml:25:13-36
65            android:theme="@android:style/Theme.Material.Light.NoActionBar" />
65-->[androidx.compose.ui:ui-test-manifest:1.9.2] AndroidManifest.xml:26:13-76
66
67        <provider
67-->[androidx.emoji2:emoji2:1.4.0] AndroidManifest.xml:24:9-32:20
68            android:name="androidx.startup.InitializationProvider"
68-->[androidx.emoji2:emoji2:1.4.0] AndroidManifest.xml:25:13-67
69            android:authorities="com.example.machinedignostic.androidx-startup"
69-->[androidx.emoji2:emoji2:1.4.0] AndroidManifest.xml:26:13-68
70            android:exported="false" >
70-->[androidx.emoji2:emoji2:1.4.0] AndroidManifest.xml:27:13-37
71            <meta-data
71-->[androidx.emoji2:emoji2:1.4.0] AndroidManifest.xml:29:13-31:52
72                android:name="androidx.emoji2.text.EmojiCompatInitializer"
72-->[androidx.emoji2:emoji2:1.4.0] AndroidManifest.xml:30:17-75
73                android:value="androidx.startup" />
73-->[androidx.emoji2:emoji2:1.4.0] AndroidManifest.xml:31:17-49
74            <meta-data
74-->[androidx.lifecycle:lifecycle-process:2.10.0] AndroidManifest.xml:29:13-31:52
75                android:name="androidx.lifecycle.ProcessLifecycleInitializer"
75-->[androidx.lifecycle:lifecycle-process:2.10.0] AndroidManifest.xml:30:17-78
76                android:value="androidx.startup" />
76-->[androidx.lifecycle:lifecycle-process:2.10.0] AndroidManifest.xml:31:17-49
77            <meta-data
77-->[androidx.profileinstaller:profileinstaller:1.4.0] AndroidManifest.xml:29:13-31:52
78                android:name="androidx.profileinstaller.ProfileInstallerInitializer"
78-->[androidx.profileinstaller:profileinstaller:1.4.0] AndroidManifest.xml:30:17-85
79                android:value="androidx.startup" />
79-->[androidx.profileinstaller:profileinstaller:1.4.0] AndroidManifest.xml:31:17-49
80        </provider>
81
82        <receiver
82-->[androidx.profileinstaller:profileinstaller:1.4.0] AndroidManifest.xml:34:9-52:20
83            android:name="androidx.profileinstaller.ProfileInstallReceiver"
83-->[androidx.profileinstaller:profileinstaller:1.4.0] AndroidManifest.xml:35:13-76
84            android:directBootAware="false"
84-->[androidx.profileinstaller:profileinstaller:1.4.0] AndroidManifest.xml:36:13-44
85            android:enabled="true"
85-->[androidx.profileinstaller:profileinstaller:1.4.0] AndroidManifest.xml:37:13-35
86            android:exported="true"
86-->[androidx.profileinstaller:profileinstaller:1.4.0] AndroidManifest.xml:38:13-36
87            android:permission="android.permission.DUMP" >
87-->[androidx.profileinstaller:profileinstaller:1.4.0] AndroidManifest.xml:39:13-57
88            <intent-filter>
88-->[androidx.profileinstaller:profileinstaller:1.4.0] AndroidManifest.xml:40:13-42:29
89                <action android:name="androidx.profileinstaller.action.INSTALL_PROFILE" />
89-->[androidx.profileinstaller:profileinstaller:1.4.0] AndroidManifest.xml:41:17-91
89-->[androidx.profileinstaller:profileinstaller:1.4.0] AndroidManifest.xml:41:25-88
90            </intent-filter>
91            <intent-filter>
91-->[androidx.profileinstaller:profileinstaller:1.4.0] AndroidManifest.xml:43:13-45:29
92                <action android:name="androidx.profileinstaller.action.SKIP_FILE" />
92-->[androidx.profileinstaller:profileinstaller:1.4.0] AndroidManifest.xml:44:17-85
92-->[androidx.profileinstaller:profileinstaller:1.4.0] AndroidManifest.xml:44:25-82
93            </intent-filter>
94            <intent-filter>
94-->[androidx.profileinstaller:profileinstaller:1.4.0] AndroidManifest.xml:46:13-48:29
95                <action android:name="androidx.profileinstaller.action.SAVE_PROFILE" />
95-->[androidx.profileinstaller:profileinstaller:1.4.0] AndroidManifest.xml:47:17-88
95-->[androidx.profileinstaller:profileinstaller:1.4.0] AndroidManifest.xml:47:25-85
96            </intent-filter>
97            <intent-filter>
97-->[androidx.profileinstaller:profileinstaller:1.4.0] AndroidManifest.xml:49:13-51:29
98                <action android:name="androidx.profileinstaller.action.BENCHMARK_OPERATION" />
98-->[androidx.profileinstaller:profileinstaller:1.4.0] AndroidManifest.xml:50:17-95
98-->[androidx.profileinstaller:profileinstaller:1.4.0] AndroidManifest.xml:50:25-92
99            </intent-filter>
100        </receiver>
101    </application>
102
103</manifest>